<?xml version="1.0" encoding="UTF-8"?>
<testng-results skipped="0" failed="0" ignored="0" total="1" passed="1">
  <reporter-output>
  </reporter-output>
  <suite name="ImapDemo" duration-ms="15135" started-at="2020-02-05T10:18:58Z" finished-at="2020-02-05T10:19:13Z">
    <groups>
    </groups>
    <test name="LoginPageTest" duration-ms="15135" started-at="2020-02-05T10:18:58Z" finished-at="2020-02-05T10:19:13Z">
      <class name="com.Imap.TestCases.TC_LoginTestCase_001">
        <test-method status="PASS" signature="setup(java.lang.String)[pri:0, instance:com.Imap.TestCases.TC_LoginTestCase_001@31ef45e3]" name="setup" is-config="true" duration-ms="11794" started-at="2020-02-05T10:18:58Z" finished-at="2020-02-05T10:19:10Z">
          <params>
            <param index="0">
              <value>
                <![CDATA[chrome]]>
              </value>
            </param>
          </params>
          <reporter-output>
          </reporter-output>
        </test-method> <!-- setup -->
        <test-method status="PASS" signature="logintest()[pri:0, instance:com.Imap.TestCases.TC_LoginTestCase_001@31ef45e3]" name="logintest" duration-ms="2126" started-at="2020-02-05T10:19:10Z" finished-at="2020-02-05T10:19:12Z">
          <reporter-output>
          </reporter-output>
        </test-method> <!-- logintest -->
        <test-method status="PASS" signature="teardown()[pri:0, instance:com.Imap.TestCases.TC_LoginTestCase_001@31ef45e3]" name="teardown" is-config="true" duration-ms="919" started-at="2020-02-05T10:19:12Z" finished-at="2020-02-05T10:19:13Z">
          <reporter-output>
          </reporter-output>
        </test-method> <!-- teardown -->
      </class> <!-- com.Imap.TestCases.TC_LoginTestCase_001 -->
    </test> <!-- LoginPageTest -->
  </suite> <!-- ImapDemo -->
</testng-results>
